[Thu, 31 May 2012 04:03:10 GMT] INFO Server starting with config: {
  "environment": "development",
  "workers": 1,
  "port": "3000",
  "debug": true,
  "rotateWorkers": false,
  "rotationWindow": 7200000,
  "rotationTimeout": 300000,
  "logDir": "/home/larz/Desktop/geddy/examples/todo_app_coffee/log",
  "gracefulShutdownTimeout": 30000,
  "heartbeatInterval": 5000,
  "heartbeatWindow": 20000,
  "staticFilePath": "/home/larz/Desktop/geddy/examples/todo_app_coffee/public",
  "sessions": {
    "store": "memory",
    "key": "sid",
    "expiry": 1209600
  },
  "cookieSessionKey": "sdata",
  "metrics": {
    "port": 4001
  },
  "i18n": {
    "defaultLocale": "en-us",
    "loadPaths": [
      "/home/larz/Desktop/geddy/examples/todo_app_coffee/config/locales"
    ]
  },
  "ssl": null,
  "model": {
    "useTimestamps": false,
    "forceCamel": true
  },
  "detailedErrors": true,
  "hostname": null
}
[Thu, 31 May 2012 04:03:10 GMT] INFO Metrics server started on port 4001
[Thu, 31 May 2012 04:03:10 GMT] INFO Creating 1 worker process.
[Thu, 31 May 2012 04:03:10 GMT] INFO Server worker running in development on port 3000 with a PID of: 5411
[Thu, 31 May 2012 04:03:10 GMT] DEBUG LOGGING STARTED ============================================
[Thu, 31 May 2012 04:03:10 GMT] DEBUG ============================================================
