[Wed, 03 Oct 2012 23:35:18 GMT] INFO Server starting with config: {
  "environment": "development",
  "workers": 1,
  "port": 4000,
  "debug": true,
  "rotateWorkers": false,
  "rotationWindow": 7200000,
  "rotationTimeout": 300000,
  "logDir": "/Users/derickson/dev/geddy/site/log",
  "gracefulShutdownTimeout": 30000,
  "heartbeatInterval": 5000,
  "heartbeatWindow": 20000,
  "staticFilePath": "/Users/derickson/dev/geddy/site/public",
  "sessions": {
    "store": "memory",
    "key": "sid",
    "expiry": 1209600
  },
  "cookieSessionKey": "sdata",
  "metrics": null,
  "i18n": {
    "defaultLocale": "en-us",
    "loadPaths": [
      "/Users/derickson/dev/geddy/site/config/locales"
    ]
  },
  "spdy": null,
  "ssl": null,
  "hostname": null,
  "detailedErrors": true
}
[Wed, 03 Oct 2012 23:35:18 GMT] INFO Creating 1 worker process.
[Wed, 03 Oct 2012 23:35:18 GMT] INFO Server worker running in development on port 4000 with a PID of: 62470
[Wed, 03 Oct 2012 23:35:18 GMT] DEBUG LOGGING STARTED ============================================
[Wed, 03 Oct 2012 23:35:18 GMT] DEBUG ============================================================
[Wed, 03 Oct 2012 23:35:48 GMT] INFO Code changed, killing 62470, cycling ...
[Wed, 03 Oct 2012 23:35:48 GMT] INFO Creating 1 worker process.
[Wed, 03 Oct 2012 23:35:48 GMT] INFO Server worker running in development on port 4000 with a PID of: 62479
[Wed, 03 Oct 2012 23:35:48 GMT] DEBUG LOGGING STARTED ============================================
[Wed, 03 Oct 2012 23:35:48 GMT] DEBUG ============================================================
[Wed, 03 Oct 2012 23:36:03 GMT] INFO Code changed, killing 62479, cycling ...
[Wed, 03 Oct 2012 23:36:03 GMT] INFO Creating 1 worker process.
[Wed, 03 Oct 2012 23:36:03 GMT] INFO Server worker running in development on port 4000 with a PID of: 62482
[Wed, 03 Oct 2012 23:36:03 GMT] DEBUG LOGGING STARTED ============================================
[Wed, 03 Oct 2012 23:36:03 GMT] DEBUG ============================================================
[Wed, 03 Oct 2012 23:37:58 GMT] INFO Code changed, killing 62482, cycling ...
[Wed, 03 Oct 2012 23:37:58 GMT] INFO Creating 1 worker process.
[Wed, 03 Oct 2012 23:37:59 GMT] INFO Server worker running in development on port 4000 with a PID of: 62569
[Wed, 03 Oct 2012 23:37:59 GMT] DEBUG LOGGING STARTED ============================================
[Wed, 03 Oct 2012 23:37:59 GMT] DEBUG ============================================================
[Wed, 03 Oct 2012 23:44:19 GMT] INFO Code changed, killing 62569, cycling ...
[Wed, 03 Oct 2012 23:44:19 GMT] INFO Creating 1 worker process.
[Wed, 03 Oct 2012 23:44:19 GMT] INFO Server worker running in development on port 4000 with a PID of: 62696
[Wed, 03 Oct 2012 23:44:19 GMT] DEBUG LOGGING STARTED ============================================
[Wed, 03 Oct 2012 23:44:19 GMT] DEBUG ============================================================
