[Wed, 08 Feb 2012 19:20:46 GMT] INFO Server starting with config: {
  "environment": "development",
  "workers": 1,
  "port": 4000,
  "debug": true,
  "rotateWorkers": false,
  "rotationWindow": 7200000,
  "rotationTimeout": 300000,
  "logDir": "/Users/derickson/dev/geddy/examples/todo_app/log",
  "gracefulShutdownTimeout": 30000,
  "heartbeatInterval": 5000,
  "heartbeatWindow": 20000,
  "staticFilePath": "/Users/derickson/dev/geddy/examples/todo_app/public",
  "sessions": {
    "store": "memory",
    "key": "sid",
    "expiry": 1209600
  },
  "cookieSessionKey": "sdata",
  "metrics": {
    "port": 4001
  },
  "detailedErrors": true,
  "hostname": null
}
[Wed, 08 Feb 2012 19:20:46 GMT] INFO Metrics server started on port 4001
[Wed, 08 Feb 2012 19:20:46 GMT] INFO Creating 1 worker process.
[Wed, 08 Feb 2012 19:20:47 GMT] NOTICE [object Object]
[Wed, 08 Feb 2012 19:20:47 GMT] INFO Server worker running in development on port 4000 with a PID of: 28398
[Wed, 08 Feb 2012 19:20:47 GMT] DEBUG LOGGING STARTED ============================================
[Wed, 08 Feb 2012 19:20:47 GMT] DEBUG ============================================================
[Wed, 08 Feb 2012 19:21:18 GMT] DEBUG POST /todos
[Wed, 08 Feb 2012 19:21:18 GMT] DEBUG received data
[Wed, 08 Feb 2012 19:23:13 GMT] DEBUG POST /todos
[Wed, 08 Feb 2012 19:23:13 GMT] DEBUG received data
