[Wed, 08 Feb 2012 07:21:21 GMT] INFO Server starting with config: {
  "environment": "development",
  "workers": 1,
  "port": 4000,
  "debug": true,
  "rotateWorkers": false,
  "rotationWindow": 7200000,
  "rotationTimeout": 300000,
  "logDir": "/Users/derickson/dev/todo_app/log",
  "gracefulShutdownTimeout": 30000,
  "heartbeatInterval": 5000,
  "heartbeatWindow": 20000,
  "staticFilePath": "/Users/derickson/dev/todo_app/public",
  "sessions": {
    "store": "memory",
    "key": "sid",
    "expiry": 1209600
  },
  "cookieSessionKey": "sdata",
  "detailedErrors": true,
  "hostname": null
}
[Wed, 08 Feb 2012 07:21:21 GMT] INFO Creating 1 worker process.
[Wed, 08 Feb 2012 07:21:21 GMT] INFO Server worker running in development on port 4000 with a PID of: 19159
[Wed, 08 Feb 2012 07:21:21 GMT] DEBUG LOGGING STARTED ============================================
[Wed, 08 Feb 2012 07:21:21 GMT] DEBUG ============================================================
[Wed, 08 Feb 2012 07:23:41 GMT] INFO Creating 1 worker process.
[Wed, 08 Feb 2012 07:23:41 GMT] INFO Server worker running in development on port 4000 with a PID of: 19219
[Wed, 08 Feb 2012 07:23:41 GMT] DEBUG LOGGING STARTED ============================================
[Wed, 08 Feb 2012 07:23:41 GMT] DEBUG ============================================================
[Wed, 08 Feb 2012 07:26:06 GMT] INFO Creating 1 worker process.
[Wed, 08 Feb 2012 07:26:06 GMT] INFO Server worker running in development on port 4000 with a PID of: 19286
[Wed, 08 Feb 2012 07:26:06 GMT] DEBUG LOGGING STARTED ============================================
[Wed, 08 Feb 2012 07:26:06 GMT] DEBUG ============================================================
[Wed, 08 Feb 2012 07:28:36 GMT] INFO Creating 1 worker process.
[Wed, 08 Feb 2012 07:28:36 GMT] INFO Server worker running in development on port 4000 with a PID of: 19350
[Wed, 08 Feb 2012 07:28:36 GMT] DEBUG LOGGING STARTED ============================================
[Wed, 08 Feb 2012 07:28:36 GMT] DEBUG ============================================================
[Wed, 08 Feb 2012 07:32:07 GMT] INFO Creating 1 worker process.
[Wed, 08 Feb 2012 07:32:07 GMT] INFO Server worker running in development on port 4000 with a PID of: 19442
[Wed, 08 Feb 2012 07:32:07 GMT] DEBUG LOGGING STARTED ============================================
[Wed, 08 Feb 2012 07:32:07 GMT] DEBUG ============================================================
[Wed, 08 Feb 2012 07:33:37 GMT] INFO Creating 1 worker process.
[Wed, 08 Feb 2012 07:33:37 GMT] INFO Server worker running in development on port 4000 with a PID of: 19480
[Wed, 08 Feb 2012 07:33:37 GMT] DEBUG LOGGING STARTED ============================================
[Wed, 08 Feb 2012 07:33:37 GMT] DEBUG ============================================================
[Wed, 08 Feb 2012 07:37:17 GMT] INFO Creating 1 worker process.
[Wed, 08 Feb 2012 07:37:17 GMT] INFO Server worker running in development on port 4000 with a PID of: 19580
[Wed, 08 Feb 2012 07:37:17 GMT] DEBUG LOGGING STARTED ============================================
[Wed, 08 Feb 2012 07:37:17 GMT] DEBUG ============================================================
