[Wed, 08 Feb 2012 07:51:26 GMT] INFO Server starting with config: {
  "environment": "development",
  "workers": 1,
  "port": 4000,
  "debug": true,
  "rotateWorkers": false,
  "rotationWindow": 7200000,
  "rotationTimeout": 300000,
  "logDir": "/Users/derickson/dev/todo_app/log",
  "gracefulShutdownTimeout": 30000,
  "heartbeatInterval": 5000,
  "heartbeatWindow": 20000,
  "staticFilePath": "/Users/derickson/dev/todo_app/public",
  "sessions": {
    "store": "memory",
    "key": "sid",
    "expiry": 1209600
  },
  "cookieSessionKey": "sdata",
  "detailedErrors": true,
  "hostname": null
}
[Wed, 08 Feb 2012 07:51:26 GMT] INFO Creating 1 worker process.
[Wed, 08 Feb 2012 07:51:26 GMT] INFO Server worker running in development on port 4000 with a PID of: 20003
[Wed, 08 Feb 2012 07:51:26 GMT] DEBUG LOGGING STARTED ============================================
[Wed, 08 Feb 2012 07:51:26 GMT] DEBUG ============================================================
[Wed, 08 Feb 2012 07:51:56 GMT] INFO Creating 1 worker process.
[Wed, 08 Feb 2012 07:51:56 GMT] INFO Server worker running in development on port 4000 with a PID of: 20017
[Wed, 08 Feb 2012 07:51:56 GMT] DEBUG LOGGING STARTED ============================================
[Wed, 08 Feb 2012 07:51:56 GMT] DEBUG ============================================================
